<?xml version="1.0" encoding="UTF-8"?>
<testng-results ignored="0" total="4" passed="4" failed="0" skipped="0">
  <reporter-output>
  </reporter-output>
  <suite started-at="2024-09-27T01:53:50 CDT" name="PetSuite" finished-at="2024-09-27T01:54:08 CDT" duration-ms="18076">
    <groups>
    </groups>
    <test started-at="2024-09-27T01:53:50 CDT" name="PetTest" finished-at="2024-09-27T01:54:08 CDT" duration-ms="18076">
      <class name="api.test.UserTests">
        <test-method is-config="true" signature="setup()[pri:0, instance:api.test.UserTests@72057ecf]" started-at="2024-09-27T01:53:51 CDT" name="setup" finished-at="2024-09-27T01:53:53 CDT" duration-ms="2439" status="PASS">
          <reporter-output>
          </reporter-output>
        </test-method> <!-- setup -->
        <test-method signature="testPostUser()[pri:1, instance:api.test.UserTests@72057ecf]" started-at="2024-09-27T01:53:53 CDT" name="testPostUser" finished-at="2024-09-27T01:54:01 CDT" duration-ms="7871" status="PASS">
          <reporter-output>
          </reporter-output>
        </test-method> <!-- testPostUser -->
        <test-method is-config="true" signature="setup()[pri:0, instance:api.test.UserTests@72057ecf]" started-at="2024-09-27T01:54:01 CDT" name="setup" finished-at="2024-09-27T01:54:01 CDT" duration-ms="113" status="PASS">
          <reporter-output>
          </reporter-output>
        </test-method> <!-- setup -->
        <test-method signature="testGetUserByName()[pri:2, instance:api.test.UserTests@72057ecf]" started-at="2024-09-27T01:54:01 CDT" name="testGetUserByName" finished-at="2024-09-27T01:54:03 CDT" duration-ms="1694" status="PASS">
          <reporter-output>
          </reporter-output>
        </test-method> <!-- testGetUserByName -->
        <test-method is-config="true" signature="setup()[pri:0, instance:api.test.UserTests@72057ecf]" started-at="2024-09-27T01:54:03 CDT" name="setup" finished-at="2024-09-27T01:54:03 CDT" duration-ms="103" status="PASS">
          <reporter-output>
          </reporter-output>
        </test-method> <!-- setup -->
        <test-method signature="testUpdateUserByName()[pri:3, instance:api.test.UserTests@72057ecf]" started-at="2024-09-27T01:54:03 CDT" name="testUpdateUserByName" finished-at="2024-09-27T01:54:06 CDT" duration-ms="3167" status="PASS">
          <reporter-output>
          </reporter-output>
        </test-method> <!-- testUpdateUserByName -->
        <test-method is-config="true" signature="setup()[pri:0, instance:api.test.UserTests@72057ecf]" started-at="2024-09-27T01:54:06 CDT" name="setup" finished-at="2024-09-27T01:54:06 CDT" duration-ms="67" status="PASS">
          <reporter-output>
          </reporter-output>
        </test-method> <!-- setup -->
        <test-method signature="testDeleteUserByName()[pri:4, instance:api.test.UserTests@72057ecf]" started-at="2024-09-27T01:54:06 CDT" name="testDeleteUserByName" finished-at="2024-09-27T01:54:08 CDT" duration-ms="1763" status="PASS">
          <reporter-output>
          </reporter-output>
        </test-method> <!-- testDeleteUserByName -->
      </class> <!-- api.test.UserTests -->
    </test> <!-- PetTest -->
  </suite> <!-- PetSuite -->
</testng-results>
