<?xml version="1.0" encoding="UTF-8"?>
<testsuite xmlns:xsi="http://www.w3.org/2001/XMLSchema-instance" xsi:noNamespaceSchemaLocation="https://maven.apache.org/surefire/maven-surefire-plugin/xsd/surefire-test-report.xsd" version="3.0.2" name="TestSuite" time="20.211" tests="4" errors="0" skipped="0" failures="0">
  <properties>
[...]
</properties>
  <testcase name="testPostUser" classname="api.test.UserTests" time="7.917">
    <system-out><![CDATA[01:53:53.666 [main] INFO  api.test.UserTests - *********Creating user**********
HTTP/1.1 200 OK
Date: Fri, 27 Sep 2024 06:54:02 GMT
Content-Type: application/json
Transfer-Encoding: chunked
Connection: keep-alive
Access-Control-Allow-Origin: *
Access-Control-Allow-Methods: GET, POST, DELETE, PUT
Access-Control-Allow-Headers: Content-Type, api_key, Authorization
Server: Jetty(9.2.9.v20150224)

{
    "code": 200,
    "type": "unknown",
    "message": "1070044969"
}
01:54:01.525 [main] INFO  api.test.UserTests - *********User is created**********
]]></system-out>
  </testcase>
  <testcase name="testGetUserByName" classname="api.test.UserTests" time="1.697">
    <system-out><![CDATA[01:54:01.692 [main] INFO  api.test.UserTests - *********Reading user info**********
HTTP/1.1 404 Not Found
Date: Fri, 27 Sep 2024 06:54:04 GMT
Content-Type: application/json
Transfer-Encoding: chunked
Connection: keep-alive
Access-Control-Allow-Origin: *
Access-Control-Allow-Methods: GET, POST, DELETE, PUT
Access-Control-Allow-Headers: Content-Type, api_key, Authorization
Server: Jetty(9.2.9.v20150224)

{
    "code": 1,
    "type": "error",
    "message": "User not found"
}
01:54:03.384 [main] INFO  api.test.UserTests - *********user info is displayed**********
]]></system-out>
  </testcase>
  <testcase name="testUpdateUserByName" classname="api.test.UserTests" time="3.171">
    <system-out><![CDATA[01:54:03.494 [main] INFO  api.test.UserTests - *********update user**********
{
    "code": 200,
    "type": "unknown",
    "message": "1541339374"
}
01:54:05.135 [main] INFO  api.test.UserTests - *********user is updated**********
]]></system-out>
  </testcase>
  <testcase name="testDeleteUserByName" classname="api.test.UserTests" time="1.766">
    <system-out><![CDATA[01:54:06.737 [main] INFO  api.test.UserTests - *********deleting user**********
01:54:08.499 [main] INFO  api.test.UserTests - *********deleted user**********
]]></system-out>
  </testcase>
</testsuite>