<?xml version="1.0" encoding="UTF-8"?>
<!-- Generated by org.testng.reporters.JUnitXMLReporter -->
<testsuite ignored="0" hostname="LAPTOP-LRA4M34E" failures="0" tests="4" name="PetTest" time="18.076" errors="0" timestamp="2024-09-27T01:54:09 CDT">
  <testcase classname="api.test.UserTests" name="testPostUser" time="7.871"/>
  <testcase classname="api.test.UserTests" name="testGetUserByName" time="1.694"/>
  <testcase classname="api.test.UserTests" name="testUpdateUserByName" time="3.167"/>
  <testcase classname="api.test.UserTests" name="testDeleteUserByName" time="1.763"/>
</testsuite> <!-- PetTest -->
