<?xml version="1.0" encoding="UTF-8"?>
<!-- Generated by org.testng.reporters.JUnitXMLReporter -->
<testsuite ignored="0" hostname="LAPTOP-LRA4M34E" failures="0" tests="4" name="PetTest" time="10.809" errors="0" timestamp="2024-09-26T06:53:12 CDT">
  <testcase classname="api.test.UserTests" name="testDeleteUserByName" time="4.295"/>
  <testcase classname="api.test.UserTests" name="testUpdateUserByName" time="2.308"/>
  <testcase classname="api.test.UserTests" name="testPostUser" time="1.184"/>
  <testcase classname="api.test.UserTests" name="testGetUserByName" time="2.315"/>
</testsuite> <!-- PetTest -->
